Case #1: 15 25
Case #2: 0 0
Case #3: 81 567
Case #4: 181 244
Case #5: 0 0
Case #6: 5000000 5000000
Case #7: 10000 9990000
Case #8: 5030 17201
Case #9: 8598 23906
Case #10: 9092 20490
Case #11: 22898 42364
Case #12: 3358 23988
Case #13: 16104 30747
Case #14: 17188 33138
Case #15: 21700 31953
Case #16: 25716 48147
Case #17: 28072 43213
Case #18: 27275 53482
Case #19: 24389 68609
Case #20: 17756 54684
Case #21: 22043 72632
Case #22: 37031 89205
Case #23: 32827 81665
Case #24: 35196 87235
Case #25: 31638 89612
Case #26: 26658 89526
Case #27: 33563 121444
Case #28: 45865 110312
Case #29: 43406 126323
Case #30: 41743 110764
Case #31: 45512 105084
Case #32: 46999 138285
Case #33: 40594 133066
Case #34: 41016 150655
Case #35: 51565 129355
Case #36: 42505 135754
Case #37: 41492 146881
Case #38: 55450 148217
Case #39: 65182 159598
Case #40: 53955 191251
Case #41: 61125 185140
Case #42: 63388 175931
Case #43: 68648 190457
Case #44: 59430 173124
Case #45: 62503 179224
Case #46: 75255 180610
Case #47: 53860 199005
Case #48: 94646 208893
Case #49: 74148 226675
Case #50: 77584 234270
Case #51: 67076 214731
Case #52: 77656 237234
Case #53: 82639 211036
Case #54: 1601141 5057457
Case #55: 1636376 4952473
Case #56: 1740221 4965732
Case #57: 1661373 5062225
Case #58: 1728577 4991412
Case #59: 1734450 5079171
Case #60: 1640630 4970640
Case #61: 1705984 5040381
Case #62: 1705533 4892804
Case #63: 1625905 4872128
Case #64: 1633752 5007832
Case #65: 1652539 5007239
Case #66: 1683482 5033464
Case #67: 1598400 5040660
Case #68: 1572064 5151500
Case #69: 1601449 5135105
Case #70: 1689661 4968419
Case #71: 1640463 5019450
Case #72: 1673042 4988541
Case #73: 1698620 4933585
Case #74: 1617534 4881235
Case #75: 1703359 4930245
Case #76: 1638822 5086478
Case #77: 1677997 5004652
Case #78: 1628847 4946740
Case #79: 1701604 4884332
Case #80: 1694476 5005246
Case #81: 1660984 4896120
Case #82: 1686455 4891820
Case #83: 1717033 5056255
Case #84: 1675054 4875542
Case #85: 1704238 5118698
Case #86: 1671884 4982771
Case #87: 1633803 5085484
Case #88: 1656275 5017656
Case #89: 1568453 4921802
Case #90: 1752238 5081735
Case #91: 1667352 4959542
Case #92: 1710727 5118487
Case #93: 1665478 5006373
Case #94: 1629780 4965167
Case #95: 1662975 5008261
Case #96: 1634373 4867132
Case #97: 1629447 4939945
Case #98: 1669479 5052100
Case #99: 1732466 4896511
Case #100: 1729273 4976787
